<?xml version="1.0" encoding="UTF-8"?>
<!-- Generated by org.testng.reporters.JUnitReportReporter -->
<testsuite hostname="LAPTOP-53T81FFF" failures="0" tests="1" name="TestPack.NewTest_2" time="63.696" errors="0" timestamp="2020-10-14T20:50:58 IST" skipped="0">
  <testcase classname="TestPack.NewTest_2" name="f" time="63.696"/>
  <system-out/>
</testsuite> <!-- TestPack.NewTest_2 -->
