<?xml version="1.0" encoding="UTF-8"?>
<!-- Generated by org.testng.reporters.JUnitReportReporter -->
<testsuite hostname="LAPTOP-53T81FFF" failures="0" tests="1" name="TestPack.NewTest_3" time="36.341" errors="0" timestamp="2020-10-16T14:14:37 IST" skipped="0">
  <testcase classname="TestPack.NewTest_3" name="f" time="36.341"/>
  <system-out/>
</testsuite> <!-- TestPack.NewTest_3 -->
