<?xml version="1.0" encoding="UTF-8"?>
<!-- Generated by org.testng.reporters.JUnitReportReporter -->
<testsuite hostname="LAPTOP-53T81FFF" failures="0" tests="1" name="TestPack.NewTest" time="22.183" errors="0" timestamp="2020-10-13T18:27:11 IST" skipped="0">
  <testcase classname="TestPack.NewTest" name="f" time="22.183"/>
  <system-out/>
</testsuite> <!-- TestPack.NewTest -->
