<?xml version="1.0" encoding="UTF-8"?>
<!-- Generated by org.testng.reporters.JUnitReportReporter -->
<testsuite hostname="LAPTOP-53T81FFF" failures="0" tests="1" name="TestPack.NewTest_1" time="62.796" errors="0" timestamp="2020-10-16T12:52:15 IST" skipped="0">
  <testcase classname="TestPack.NewTest_1" name="f" time="62.796"/>
  <system-out/>
</testsuite> <!-- TestPack.NewTest_1 -->
